npm verbose cli /usr/local/bin/node /usr/local/bin/npm
npm info using npm@11.6.2
npm info using node@v24.11.1
npm verbose title npm install @swc/helpers
npm verbose argv "install" "@swc/helpers" "--prefix" "." "--loglevel" "verbose"
npm verbose logfile logs-max:10 dir:/Users/gniewkob/.npm/_logs/2026-01-05T00_14_35_716Z-
npm verbose logfile /Users/gniewkob/.npm/_logs/2026-01-05T00_14_35_716Z-debug-0.log
npm http fetch GET 200 https://registry.npmjs.org/@next%2fbundle-analyzer 632ms (cache updated)
npm http fetch GET 200 https://registry.npmjs.org/@next%2fenv 148ms (cache updated)
npm verbose stack Error: Unsupported URL Type "link:": link:../packages/api
npm verbose stack     at unsupportedURLType (/usr/local/lib/node_modules/npm/node_modules/npm-package-arg/lib/npa.js:369:15)
npm verbose stack     at fromURL (/usr/local/lib/node_modules/npm/node_modules/npm-package-arg/lib/npa.js:428:13)
npm verbose stack     at npa.resolve (/usr/local/lib/node_modules/npm/node_modules/npm-package-arg/lib/npa.js:110:12)
npm verbose stack     at #nodeFromEdge (/usr/local/lib/node_modules/npm/node_modules/@npmcli/arborist/lib/arborist/build-ideal-tree.js:1064:22)
npm verbose stack     at #buildDepStep (/usr/local/lib/node_modules/npm/node_modules/@npmcli/arborist/lib/arborist/build-ideal-tree.js:929:35)
npm verbose stack     at async Arborist.buildIdealTree (/usr/local/lib/node_modules/npm/node_modules/@npmcli/arborist/lib/arborist/build-ideal-tree.js:182:7)
npm verbose stack     at async Promise.all (index 1)
npm verbose stack     at async Arborist.reify (/usr/local/lib/node_modules/npm/node_modules/@npmcli/arborist/lib/arborist/reify.js:114:5)
npm verbose stack     at async Install.exec (/usr/local/lib/node_modules/npm/lib/commands/install.js:150:5)
npm verbose stack     at async Npm.exec (/usr/local/lib/node_modules/npm/lib/npm.js:208:9)
npm error code EUNSUPPORTEDPROTOCOL
npm error Unsupported URL Type "link:": link:../packages/api
npm verbose cwd /Users/gniewkob/Repos/salonbw/frontend
npm verbose os Darwin 25.1.0
npm verbose node v24.11.1
npm verbose npm  v11.6.2
npm verbose exit 1
npm verbose code 1
npm error A complete log of this run can be found in: /Users/gniewkob/.npm/_logs/2026-01-05T00_14_35_716Z-debug-0.log
